{
  "stats": {
    "suites": 5,
    "tests": 14,
    "passes": 12,
    "pending": 1,
    "failures": 1,
    "start": "2022-11-13T18:57:11.947Z",
    "end": "2022-11-13T18:57:11.954Z",
    "duration": 7,
    "testsRegistered": 14,
    "passPercent": 92.3076923076923,
    "pendingPercent": 7.142857142857142,
    "other": 0,
    "hasOther": false,
    "skipped": 0,
    "hasSkipped": false
  },
  "results": [
    {
      "uuid": "c1943067-f645-40c1-beb2-8e58c25bb468",
      "title": "",
      "fullFile": "",
      "file": "",
      "beforeHooks": [],
      "afterHooks": [],
      "tests": [],
      "suites": [
        {
          "uuid": "c38c2b9a-c0ac-4514-a484-ede8b84de389",
          "title": "generate random number from 1 to 10",
          "fullFile": "/Users/alchem01/dev/on_fly/testing-gar/test/something.spec.js",
          "file": "/test/something.spec.js",
          "beforeHooks": [],
          "afterHooks": [],
          "tests": [
            {
              "title": "should generate a random number",
              "fullTitle": "generate random number from 1 to 10 should generate a random number",
              "timedOut": false,
              "duration": 0,
              "state": "passed",
              "speed": "fast",
              "pass": true,
              "fail": false,
              "pending": false,
              "context": null,
              "code": "randomNumber = Math.floor(Math.random() * 10) + 1;\nexpect(randomNumber).to.be.at.least(1);\nexpect(randomNumber).to.be.at.most(10);",
              "err": {},
              "uuid": "72dcdc30-6835-4fa0-b250-983a784d8865",
              "parentUUID": "c38c2b9a-c0ac-4514-a484-ede8b84de389",
              "isHook": false,
              "skipped": false
            },
            {
              "title": "should return the length of array",
              "fullTitle": "generate random number from 1 to 10 should return the length of array",
              "timedOut": false,
              "duration": 1,
              "state": "passed",
              "speed": "fast",
              "pass": true,
              "fail": false,
              "pending": false,
              "context": null,
              "code": "const array = [1,2,3,4,5,6,7,8,9,10];\nexpect(array).to.have.lengthOf(10);",
              "err": {},
              "uuid": "7a0c5a55-649d-4611-bd2e-2f03fa2c52c9",
              "parentUUID": "c38c2b9a-c0ac-4514-a484-ede8b84de389",
              "isHook": false,
              "skipped": false
            },
            {
              "title": "should the random number natural number and less than 10 ",
              "fullTitle": "generate random number from 1 to 10 should the random number natural number and less than 10 ",
              "timedOut": false,
              "duration": 1,
              "state": "passed",
              "speed": "fast",
              "pass": true,
              "fail": false,
              "pending": false,
              "context": null,
              "code": "expect(randomNumber).to.be.a('number');",
              "err": {},
              "uuid": "4fee169f-5908-4425-b4a9-3105d96fac11",
              "parentUUID": "c38c2b9a-c0ac-4514-a484-ede8b84de389",
              "isHook": false,
              "skipped": false
            },
            {
              "title": "randomNumber should be true value",
              "fullTitle": "generate random number from 1 to 10 randomNumber should be true value",
              "timedOut": false,
              "duration": 0,
              "state": "passed",
              "speed": "fast",
              "pass": true,
              "fail": false,
              "pending": false,
              "context": null,
              "code": "value.should.be.true",
              "err": {},
              "uuid": "9fed13fe-9517-465a-abbd-80af0f6c5c44",
              "parentUUID": "c38c2b9a-c0ac-4514-a484-ede8b84de389",
              "isHook": false,
              "skipped": false
            }
          ],
          "suites": [],
          "passes": [
            "72dcdc30-6835-4fa0-b250-983a784d8865",
            "7a0c5a55-649d-4611-bd2e-2f03fa2c52c9",
            "4fee169f-5908-4425-b4a9-3105d96fac11",
            "9fed13fe-9517-465a-abbd-80af0f6c5c44"
          ],
          "failures": [],
          "pending": [],
          "skipped": [],
          "duration": 2,
          "root": false,
          "rootEmpty": false,
          "_timeout": 2000
        },
        {
          "uuid": "082473b8-56a7-47e3-ad5a-82937b2b7f17",
          "title": "Parent describe block",
          "fullFile": "/Users/alchem01/dev/on_fly/testing-gar/test/test.spec.js",
          "file": "/test/test.spec.js",
          "beforeHooks": [
            {
              "title": "\"before each\" hook in \"Parent describe block\"",
              "fullTitle": "Parent describe block \"before each\" hook in \"Parent describe block\"",
              "timedOut": false,
              "duration": 0,
              "state": null,
              "speed": null,
              "pass": false,
              "fail": false,
              "pending": false,
              "context": null,
              "code": "// console.log('before each')",
              "err": {},
              "uuid": "dab6e31f-8302-44ee-8b59-fa8dcde5b30f",
              "parentUUID": "082473b8-56a7-47e3-ad5a-82937b2b7f17",
              "isHook": true,
              "skipped": false
            }
          ],
          "afterHooks": [],
          "tests": [],
          "suites": [
            {
              "uuid": "96db6bee-6dba-4c73-9224-aad0b1c33f1d",
              "title": "#index 1",
              "fullFile": "/Users/alchem01/dev/on_fly/testing-gar/test/test.spec.js",
              "file": "/test/test.spec.js",
              "beforeHooks": [],
              "afterHooks": [],
              "tests": [
                {
                  "title": "should return -1 when the value is not present",
                  "fullTitle": "Parent describe block #index 1 should return -1 when the value is not present",
                  "timedOut": false,
                  "duration": 0,
                  "state": "passed",
                  "speed": "fast",
                  "pass": true,
                  "fail": false,
                  "pending": false,
                  "context": null,
                  "code": "assert.equal([1, 2, 3].indexOf(4), -1);",
                  "err": {},
                  "uuid": "a68d0171-db78-4979-a16d-d0f5f1999ff6",
                  "parentUUID": "96db6bee-6dba-4c73-9224-aad0b1c33f1d",
                  "isHook": false,
                  "skipped": false
                },
                {
                  "title": "should fail",
                  "fullTitle": "Parent describe block #index 1 should fail",
                  "timedOut": false,
                  "duration": 0,
                  "state": "pending",
                  "speed": null,
                  "pass": false,
                  "fail": false,
                  "pending": true,
                  "context": null,
                  "code": "",
                  "err": {},
                  "uuid": "88866fdc-9a0b-49eb-badc-3ed36155be16",
                  "parentUUID": "96db6bee-6dba-4c73-9224-aad0b1c33f1d",
                  "isHook": false,
                  "skipped": false
                },
                {
                  "title": "should pass",
                  "fullTitle": "Parent describe block #index 1 should pass",
                  "timedOut": false,
                  "duration": 0,
                  "state": "passed",
                  "speed": "fast",
                  "pass": true,
                  "fail": false,
                  "pending": false,
                  "context": null,
                  "code": "assert.equal(value, 4);",
                  "err": {},
                  "uuid": "3c7578d6-8d8e-42b4-a0f2-42e978a4f7fe",
                  "parentUUID": "96db6bee-6dba-4c73-9224-aad0b1c33f1d",
                  "isHook": false,
                  "skipped": false
                }
              ],
              "suites": [],
              "passes": [
                "a68d0171-db78-4979-a16d-d0f5f1999ff6",
                "3c7578d6-8d8e-42b4-a0f2-42e978a4f7fe"
              ],
              "failures": [],
              "pending": [
                "88866fdc-9a0b-49eb-badc-3ed36155be16"
              ],
              "skipped": [],
              "duration": 0,
              "root": false,
              "rootEmpty": false,
              "_timeout": 2000
            },
            {
              "uuid": "3b227baa-4c99-4622-9513-9956ee7f0731",
              "title": "#index 2",
              "fullFile": "/Users/alchem01/dev/on_fly/testing-gar/test/test.spec.js",
              "file": "/test/test.spec.js",
              "beforeHooks": [],
              "afterHooks": [],
              "tests": [
                {
                  "title": "should return - when the value is not present",
                  "fullTitle": "Parent describe block #index 2 should return - when the value is not present",
                  "timedOut": false,
                  "duration": 0,
                  "state": "passed",
                  "speed": "fast",
                  "pass": true,
                  "fail": false,
                  "pending": false,
                  "context": null,
                  "code": "assert.equal([1, 2, 3].indexOf(4), -1);",
                  "err": {},
                  "uuid": "26c48a2a-dddf-4a1a-9cae-310c4446519f",
                  "parentUUID": "3b227baa-4c99-4622-9513-9956ee7f0731",
                  "isHook": false,
                  "skipped": false
                },
                {
                  "title": "value should match number 3",
                  "fullTitle": "Parent describe block #index 2 value should match number 3",
                  "timedOut": false,
                  "duration": 0,
                  "state": "passed",
                  "speed": "fast",
                  "pass": true,
                  "fail": false,
                  "pending": false,
                  "context": null,
                  "code": "assert.notEqual(value, 3);",
                  "err": {},
                  "uuid": "74bd2f60-8954-4595-b104-067b5c038eb4",
                  "parentUUID": "3b227baa-4c99-4622-9513-9956ee7f0731",
                  "isHook": false,
                  "skipped": false
                },
                {
                  "title": "should 1 equal to 1",
                  "fullTitle": "Parent describe block #index 2 should 1 equal to 1",
                  "timedOut": false,
                  "duration": 0,
                  "state": "passed",
                  "speed": "fast",
                  "pass": true,
                  "fail": false,
                  "pending": false,
                  "context": null,
                  "code": "assert.equal(1, 1);",
                  "err": {},
                  "uuid": "449dae3f-1e6f-461d-b984-34b558547d28",
                  "parentUUID": "3b227baa-4c99-4622-9513-9956ee7f0731",
                  "isHook": false,
                  "skipped": false
                },
                {
                  "title": "should match the message",
                  "fullTitle": "Parent describe block #index 2 should match the message",
                  "timedOut": false,
                  "duration": 0,
                  "state": "passed",
                  "speed": "fast",
                  "pass": true,
                  "fail": false,
                  "pending": false,
                  "context": null,
                  "code": "assert.match(message, /i/g);",
                  "err": {},
                  "uuid": "70dbd91d-bb06-42c4-ae12-907dfa7d65c1",
                  "parentUUID": "3b227baa-4c99-4622-9513-9956ee7f0731",
                  "isHook": false,
                  "skipped": false
                },
                {
                  "title": "should message be truthy value",
                  "fullTitle": "Parent describe block #index 2 should message be truthy value",
                  "timedOut": false,
                  "duration": 0,
                  "state": "passed",
                  "speed": "fast",
                  "pass": true,
                  "fail": false,
                  "pending": false,
                  "context": null,
                  "code": "assert.ok(message1); // value should evaluate to true  and not any of false undefined null 0",
                  "err": {},
                  "uuid": "3bc7673d-399e-4901-bacf-552880f9a8c5",
                  "parentUUID": "3b227baa-4c99-4622-9513-9956ee7f0731",
                  "isHook": false,
                  "skipped": false
                },
                {
                  "title": "should match",
                  "fullTitle": "Parent describe block #index 2 should match",
                  "timedOut": false,
                  "duration": 0,
                  "state": "failed",
                  "speed": null,
                  "pass": false,
                  "fail": true,
                  "pending": false,
                  "context": null,
                  "code": "assert.throws(() => {});",
                  "err": {
                    "message": "AssertionError: Missing expected exception.",
                    "estack": "AssertionError [ERR_ASSERTION]: Missing expected exception.\n    at Context.<anonymous> (test/test.spec.js:44:14)\n    at processImmediate (node:internal/timers:466:21)",
                    "diff": null
                  },
                  "uuid": "4cf5dd2b-ca98-4fe9-b62e-35cf141e1213",
                  "parentUUID": "3b227baa-4c99-4622-9513-9956ee7f0731",
                  "isHook": false,
                  "skipped": false
                }
              ],
              "suites": [],
              "passes": [
                "26c48a2a-dddf-4a1a-9cae-310c4446519f",
                "74bd2f60-8954-4595-b104-067b5c038eb4",
                "449dae3f-1e6f-461d-b984-34b558547d28",
                "70dbd91d-bb06-42c4-ae12-907dfa7d65c1",
                "3bc7673d-399e-4901-bacf-552880f9a8c5"
              ],
              "failures": [
                "4cf5dd2b-ca98-4fe9-b62e-35cf141e1213"
              ],
              "pending": [],
              "skipped": [],
              "duration": 0,
              "root": false,
              "rootEmpty": false,
              "_timeout": 2000
            }
          ],
          "passes": [],
          "failures": [],
          "pending": [],
          "skipped": [],
          "duration": 0,
          "root": false,
          "rootEmpty": false,
          "_timeout": 2000
        },
        {
          "uuid": "c87af408-b13f-4850-a4c4-fa0995f1b927",
          "title": "utilities",
          "fullFile": "/Users/alchem01/dev/on_fly/testing-gar/test/utilitues.spec.js",
          "file": "/test/utilitues.spec.js",
          "beforeHooks": [],
          "afterHooks": [],
          "tests": [
            {
              "title": "should return the second word when asked for the first parameter",
              "fullTitle": "utilities should return the second word when asked for the first parameter",
              "timedOut": false,
              "duration": 0,
              "state": "passed",
              "speed": "fast",
              "pass": true,
              "fail": false,
              "pending": false,
              "context": null,
              "code": "let firstParameter = utils.getArgument('command argument', 1);\nexpect(firstParameter).to.eq('argument');",
              "err": {},
              "uuid": "1cc4c038-e673-4834-a7c2-faa762427236",
              "parentUUID": "c87af408-b13f-4850-a4c4-fa0995f1b927",
              "isHook": false,
              "skipped": false
            }
          ],
          "suites": [],
          "passes": [
            "1cc4c038-e673-4834-a7c2-faa762427236"
          ],
          "failures": [],
          "pending": [],
          "skipped": [],
          "duration": 0,
          "root": false,
          "rootEmpty": false,
          "_timeout": 2000
        }
      ],
      "passes": [],
      "failures": [],
      "pending": [],
      "skipped": [],
      "duration": 0,
      "root": true,
      "rootEmpty": true,
      "_timeout": 2000
    }
  ],
  "meta": {
    "mocha": {
      "version": "10.1.0"
    },
    "mochawesome": {
      "options": {
        "quiet": false,
        "reportFilename": "mochawesome",
        "saveHtml": true,
        "saveJson": true,
        "consoleReporter": "spec",
        "useInlineDiffs": false,
        "code": true
      },
      "version": "7.1.3"
    },
    "marge": {
      "options": null,
      "version": "6.2.0"
    }
  }
}