{
  "stats": {
    "suites": 5,
    "tests": 14,
    "passes": 14,
    "pending": 0,
    "failures": 0,
    "start": "2022-11-13T21:41:11.160Z",
    "end": "2022-11-13T21:41:11.167Z",
    "duration": 7,
    "testsRegistered": 14,
    "passPercent": 100,
    "pendingPercent": 0,
    "other": 0,
    "hasOther": false,
    "skipped": 0,
    "hasSkipped": false
  },
  "results": [
    {
      "uuid": "42cafd1b-01dd-4911-9237-60a009f163e8",
      "title": "",
      "fullFile": "",
      "file": "",
      "beforeHooks": [],
      "afterHooks": [],
      "tests": [],
      "suites": [
        {
          "uuid": "5a1ac9d4-59e9-4d1e-9a6c-93945ee4f4e3",
          "title": "generate random number from 1 to 10",
          "fullFile": "/Users/alchem01/dev/on_fly/testing-gar/test/something.spec.js",
          "file": "/test/something.spec.js",
          "beforeHooks": [],
          "afterHooks": [],
          "tests": [
            {
              "title": "should generate a random number",
              "fullTitle": "generate random number from 1 to 10 should generate a random number",
              "timedOut": false,
              "duration": 1,
              "state": "passed",
              "speed": "fast",
              "pass": true,
              "fail": false,
              "pending": false,
              "context": null,
              "code": "randomNumber = Math.floor(Math.random() * 10) + 1;\nexpect(randomNumber).to.be.at.least(1);\nexpect(randomNumber).to.be.at.most(10);",
              "err": {},
              "uuid": "11832a89-44ba-41ac-957d-30a3ee05f237",
              "parentUUID": "5a1ac9d4-59e9-4d1e-9a6c-93945ee4f4e3",
              "isHook": false,
              "skipped": false
            },
            {
              "title": "should return the length of array",
              "fullTitle": "generate random number from 1 to 10 should return the length of array",
              "timedOut": false,
              "duration": 0,
              "state": "passed",
              "speed": "fast",
              "pass": true,
              "fail": false,
              "pending": false,
              "context": null,
              "code": "const array = [1,2,3,4,5,6,7,8,9,10];\nexpect(array).to.have.lengthOf(10);",
              "err": {},
              "uuid": "aad0190b-fd65-42d7-877c-df7742fcdbd1",
              "parentUUID": "5a1ac9d4-59e9-4d1e-9a6c-93945ee4f4e3",
              "isHook": false,
              "skipped": false
            },
            {
              "title": "should the random number natural number and less than 10 ",
              "fullTitle": "generate random number from 1 to 10 should the random number natural number and less than 10 ",
              "timedOut": false,
              "duration": 0,
              "state": "passed",
              "speed": "fast",
              "pass": true,
              "fail": false,
              "pending": false,
              "context": null,
              "code": "expect(randomNumber).to.be.a('number');",
              "err": {},
              "uuid": "4f073446-23d1-4451-8f6e-aeba3f8d46ce",
              "parentUUID": "5a1ac9d4-59e9-4d1e-9a6c-93945ee4f4e3",
              "isHook": false,
              "skipped": false
            },
            {
              "title": "randomNumber should be true value",
              "fullTitle": "generate random number from 1 to 10 randomNumber should be true value",
              "timedOut": false,
              "duration": 0,
              "state": "passed",
              "speed": "fast",
              "pass": true,
              "fail": false,
              "pending": false,
              "context": null,
              "code": "value.should.be.true",
              "err": {},
              "uuid": "309f0f53-1c24-41a4-b3de-e6b21fbed79e",
              "parentUUID": "5a1ac9d4-59e9-4d1e-9a6c-93945ee4f4e3",
              "isHook": false,
              "skipped": false
            }
          ],
          "suites": [],
          "passes": [
            "11832a89-44ba-41ac-957d-30a3ee05f237",
            "aad0190b-fd65-42d7-877c-df7742fcdbd1",
            "4f073446-23d1-4451-8f6e-aeba3f8d46ce",
            "309f0f53-1c24-41a4-b3de-e6b21fbed79e"
          ],
          "failures": [],
          "pending": [],
          "skipped": [],
          "duration": 1,
          "root": false,
          "rootEmpty": false,
          "_timeout": 2000
        },
        {
          "uuid": "aeba68be-51d6-44f3-a328-821a0887f0d9",
          "title": "Parent describe block",
          "fullFile": "/Users/alchem01/dev/on_fly/testing-gar/test/test.spec.js",
          "file": "/test/test.spec.js",
          "beforeHooks": [
            {
              "title": "\"before each\" hook in \"Parent describe block\"",
              "fullTitle": "Parent describe block \"before each\" hook in \"Parent describe block\"",
              "timedOut": false,
              "duration": 0,
              "state": null,
              "speed": null,
              "pass": false,
              "fail": false,
              "pending": false,
              "context": null,
              "code": "// console.log('before each')",
              "err": {},
              "uuid": "d28faebd-a4b7-49fd-af6d-30cbc83edead",
              "parentUUID": "aeba68be-51d6-44f3-a328-821a0887f0d9",
              "isHook": true,
              "skipped": false
            }
          ],
          "afterHooks": [],
          "tests": [],
          "suites": [
            {
              "uuid": "7863bcf5-3193-4d48-95e6-b3819e3383cb",
              "title": "#index 1",
              "fullFile": "/Users/alchem01/dev/on_fly/testing-gar/test/test.spec.js",
              "file": "/test/test.spec.js",
              "beforeHooks": [],
              "afterHooks": [],
              "tests": [
                {
                  "title": "should return -1 when the value is not present",
                  "fullTitle": "Parent describe block #index 1 should return -1 when the value is not present",
                  "timedOut": false,
                  "duration": 0,
                  "state": "passed",
                  "speed": "fast",
                  "pass": true,
                  "fail": false,
                  "pending": false,
                  "context": null,
                  "code": "assert.equal([1, 2, 3].indexOf(4), -1);",
                  "err": {},
                  "uuid": "f8f5b7d7-a544-4a18-855f-fe01aad88fac",
                  "parentUUID": "7863bcf5-3193-4d48-95e6-b3819e3383cb",
                  "isHook": false,
                  "skipped": false
                },
                {
                  "title": "should fail",
                  "fullTitle": "Parent describe block #index 1 should fail",
                  "timedOut": false,
                  "duration": 0,
                  "state": "passed",
                  "speed": "fast",
                  "pass": true,
                  "fail": false,
                  "pending": false,
                  "context": null,
                  "code": "const callfunc = () => {\n  throw new Error('error');\n};\nexpect(callfunc).to.throw();",
                  "err": {},
                  "uuid": "160adffd-7fb6-4f05-be42-1eb6381d977f",
                  "parentUUID": "7863bcf5-3193-4d48-95e6-b3819e3383cb",
                  "isHook": false,
                  "skipped": false
                },
                {
                  "title": "should pass",
                  "fullTitle": "Parent describe block #index 1 should pass",
                  "timedOut": false,
                  "duration": 0,
                  "state": "passed",
                  "speed": "fast",
                  "pass": true,
                  "fail": false,
                  "pending": false,
                  "context": null,
                  "code": "assert.equal(value, 4);",
                  "err": {},
                  "uuid": "9277dfbe-d26c-4a05-b1c0-9dc26365fb75",
                  "parentUUID": "7863bcf5-3193-4d48-95e6-b3819e3383cb",
                  "isHook": false,
                  "skipped": false
                }
              ],
              "suites": [],
              "passes": [
                "f8f5b7d7-a544-4a18-855f-fe01aad88fac",
                "160adffd-7fb6-4f05-be42-1eb6381d977f",
                "9277dfbe-d26c-4a05-b1c0-9dc26365fb75"
              ],
              "failures": [],
              "pending": [],
              "skipped": [],
              "duration": 0,
              "root": false,
              "rootEmpty": false,
              "_timeout": 2000
            },
            {
              "uuid": "fbc14764-650f-41e2-acd3-baac4a7f4493",
              "title": "#index 2",
              "fullFile": "/Users/alchem01/dev/on_fly/testing-gar/test/test.spec.js",
              "file": "/test/test.spec.js",
              "beforeHooks": [],
              "afterHooks": [],
              "tests": [
                {
                  "title": "should return - when the value is not present",
                  "fullTitle": "Parent describe block #index 2 should return - when the value is not present",
                  "timedOut": false,
                  "duration": 0,
                  "state": "passed",
                  "speed": "fast",
                  "pass": true,
                  "fail": false,
                  "pending": false,
                  "context": null,
                  "code": "assert.equal([1, 2, 3].indexOf(4), -1);",
                  "err": {},
                  "uuid": "ffc0b143-3503-4091-9c16-a17c4dbecb35",
                  "parentUUID": "fbc14764-650f-41e2-acd3-baac4a7f4493",
                  "isHook": false,
                  "skipped": false
                },
                {
                  "title": "value should match number 3",
                  "fullTitle": "Parent describe block #index 2 value should match number 3",
                  "timedOut": false,
                  "duration": 0,
                  "state": "passed",
                  "speed": "fast",
                  "pass": true,
                  "fail": false,
                  "pending": false,
                  "context": null,
                  "code": "assert.notEqual(value, 3);",
                  "err": {},
                  "uuid": "2b3cf5ea-14bf-42f1-80f7-ad4d60d094ac",
                  "parentUUID": "fbc14764-650f-41e2-acd3-baac4a7f4493",
                  "isHook": false,
                  "skipped": false
                },
                {
                  "title": "should 1 equal to 1",
                  "fullTitle": "Parent describe block #index 2 should 1 equal to 1",
                  "timedOut": false,
                  "duration": 0,
                  "state": "passed",
                  "speed": "fast",
                  "pass": true,
                  "fail": false,
                  "pending": false,
                  "context": null,
                  "code": "assert.equal(1, 1);",
                  "err": {},
                  "uuid": "122b65c8-bfca-416d-9d19-da3adbbe5b6d",
                  "parentUUID": "fbc14764-650f-41e2-acd3-baac4a7f4493",
                  "isHook": false,
                  "skipped": false
                },
                {
                  "title": "should match the message",
                  "fullTitle": "Parent describe block #index 2 should match the message",
                  "timedOut": false,
                  "duration": 0,
                  "state": "passed",
                  "speed": "fast",
                  "pass": true,
                  "fail": false,
                  "pending": false,
                  "context": null,
                  "code": "assert.match(message, /i/g);",
                  "err": {},
                  "uuid": "51be8038-f1c9-4c12-824f-1bf10268d999",
                  "parentUUID": "fbc14764-650f-41e2-acd3-baac4a7f4493",
                  "isHook": false,
                  "skipped": false
                },
                {
                  "title": "should message be truthy value",
                  "fullTitle": "Parent describe block #index 2 should message be truthy value",
                  "timedOut": false,
                  "duration": 0,
                  "state": "passed",
                  "speed": "fast",
                  "pass": true,
                  "fail": false,
                  "pending": false,
                  "context": null,
                  "code": "assert.ok(message1);",
                  "err": {},
                  "uuid": "4d23bb8a-394a-4141-8e69-fc1da2961e3f",
                  "parentUUID": "fbc14764-650f-41e2-acd3-baac4a7f4493",
                  "isHook": false,
                  "skipped": false
                },
                {
                  "title": "should pass if func throw an error",
                  "fullTitle": "Parent describe block #index 2 should pass if func throw an error",
                  "timedOut": false,
                  "duration": 0,
                  "state": "passed",
                  "speed": "fast",
                  "pass": true,
                  "fail": false,
                  "pending": false,
                  "context": null,
                  "code": "// use a call back function to test if the function throws an error\nconst callCheckout = () => {\n  throw new Error('failed');\n};\nexpect(callCheckout).to.throw();",
                  "err": {},
                  "uuid": "be4dab92-7b6e-428d-969e-3576a7a52e91",
                  "parentUUID": "fbc14764-650f-41e2-acd3-baac4a7f4493",
                  "isHook": false,
                  "skipped": false
                }
              ],
              "suites": [],
              "passes": [
                "ffc0b143-3503-4091-9c16-a17c4dbecb35",
                "2b3cf5ea-14bf-42f1-80f7-ad4d60d094ac",
                "122b65c8-bfca-416d-9d19-da3adbbe5b6d",
                "51be8038-f1c9-4c12-824f-1bf10268d999",
                "4d23bb8a-394a-4141-8e69-fc1da2961e3f",
                "be4dab92-7b6e-428d-969e-3576a7a52e91"
              ],
              "failures": [],
              "pending": [],
              "skipped": [],
              "duration": 0,
              "root": false,
              "rootEmpty": false,
              "_timeout": 2000
            }
          ],
          "passes": [],
          "failures": [],
          "pending": [],
          "skipped": [],
          "duration": 0,
          "root": false,
          "rootEmpty": false,
          "_timeout": 2000
        },
        {
          "uuid": "058bc52b-660b-4234-a235-dbf9133fc97a",
          "title": "utilities",
          "fullFile": "/Users/alchem01/dev/on_fly/testing-gar/test/utilitues.spec.js",
          "file": "/test/utilitues.spec.js",
          "beforeHooks": [],
          "afterHooks": [],
          "tests": [
            {
              "title": "should return the second word when asked for the first parameter",
              "fullTitle": "utilities should return the second word when asked for the first parameter",
              "timedOut": false,
              "duration": 0,
              "state": "passed",
              "speed": "fast",
              "pass": true,
              "fail": false,
              "pending": false,
              "context": null,
              "code": "let firstParameter = utils.getArgument('command argument', 1);\nexpect(firstParameter).to.eq('argument');",
              "err": {},
              "uuid": "7fca6d56-fcb4-460a-bfb8-9cac3c5930d1",
              "parentUUID": "058bc52b-660b-4234-a235-dbf9133fc97a",
              "isHook": false,
              "skipped": false
            }
          ],
          "suites": [],
          "passes": [
            "7fca6d56-fcb4-460a-bfb8-9cac3c5930d1"
          ],
          "failures": [],
          "pending": [],
          "skipped": [],
          "duration": 0,
          "root": false,
          "rootEmpty": false,
          "_timeout": 2000
        }
      ],
      "passes": [],
      "failures": [],
      "pending": [],
      "skipped": [],
      "duration": 0,
      "root": true,
      "rootEmpty": true,
      "_timeout": 2000
    }
  ],
  "meta": {
    "mocha": {
      "version": "10.1.0"
    },
    "mochawesome": {
      "options": {
        "quiet": false,
        "reportFilename": "mochawesome",
        "saveHtml": true,
        "saveJson": true,
        "consoleReporter": "spec",
        "useInlineDiffs": false,
        "code": true
      },
      "version": "7.1.3"
    },
    "marge": {
      "options": {
        "[object Object]": true
      },
      "version": "6.2.0"
    }
  }
}